<?xml version="1.0" encoding="UTF-8"?>
<testsuite xmlns:xsi="http://www.w3.org/2001/XMLSchema-instance" xsi:noNamespaceSchemaLocation="https://maven.apache.org/surefire/maven-surefire-plugin/xsd/surefire-test-report-3.0.xsd" version="3.0" name="com.example.api.JsonPlaceholderTests" time="18.029" tests="7" errors="0" skipped="0" failures="0">
  <properties>
    <property name="java.specification.version" value="21"/>
    <property name="sun.jnu.encoding" value="UTF-8"/>
    <property name="java.class.path" value="/home/bala/Downloads/api-automation-restassured-jsonplaceholder/target/test-classes:/home/bala/Downloads/api-automation-restassured-jsonplaceholder/target/classes:/home/bala/.m2/repository/io/rest-assured/rest-assured/5.4.0/rest-assured-5.4.0.jar:/home/bala/.m2/repository/org/apache/groovy/groovy/4.0.16/groovy-4.0.16.jar:/home/bala/.m2/repository/org/apache/groovy/groovy-xml/4.0.16/groovy-xml-4.0.16.jar:/home/bala/.m2/repository/org/apache/httpcomponents/httpclient/4.5.13/httpclient-4.5.13.jar:/home/bala/.m2/repository/org/apache/httpcomponents/httpcore/4.4.13/httpcore-4.4.13.jar:/home/bala/.m2/repository/commons-logging/commons-logging/1.2/commons-logging-1.2.jar:/home/bala/.m2/repository/commons-codec/commons-codec/1.11/commons-codec-1.11.jar:/home/bala/.m2/repository/org/apache/httpcomponents/httpmime/4.5.13/httpmime-4.5.13.jar:/home/bala/.m2/repository/org/hamcrest/hamcrest/2.2/hamcrest-2.2.jar:/home/bala/.m2/repository/org/ccil/cowan/tagsoup/tagsoup/1.2.1/tagsoup-1.2.1.jar:/home/bala/.m2/repository/io/rest-assured/json-path/5.4.0/json-path-5.4.0.jar:/home/bala/.m2/repository/org/apache/groovy/groovy-json/4.0.16/groovy-json-4.0.16.jar:/home/bala/.m2/repository/io/rest-assured/rest-assured-common/5.4.0/rest-assured-common-5.4.0.jar:/home/bala/.m2/repository/io/rest-assured/xml-path/5.4.0/xml-path-5.4.0.jar:/home/bala/.m2/repository/org/apache/commons/commons-lang3/3.11/commons-lang3-3.11.jar:/home/bala/.m2/repository/io/rest-assured/json-schema-validator/5.4.0/json-schema-validator-5.4.0.jar:/home/bala/.m2/repository/com/github/java-json-tools/json-schema-validator/2.2.14/json-schema-validator-2.2.14.jar:/home/bala/.m2/repository/com/github/java-json-tools/jackson-coreutils-equivalence/1.0/jackson-coreutils-equivalence-1.0.jar:/home/bala/.m2/repository/com/fasterxml/jackson/core/jackson-databind/2.11.0/jackson-databind-2.11.0.jar:/home/bala/.m2/repository/com/fasterxml/jackson/core/jackson-annotations/2.11.0/jackson-annotations-2.11.0.jar:/home/bala/.m2/repository/com/fasterxml/jackson/core/jackson-core/2.11.0/jackson-core-2.11.0.jar:/home/bala/.m2/repository/com/github/java-json-tools/jackson-coreutils/2.0/jackson-coreutils-2.0.jar:/home/bala/.m2/repository/com/github/java-json-tools/msg-simple/1.2/msg-simple-1.2.jar:/home/bala/.m2/repository/com/github/java-json-tools/btf/1.3/btf-1.3.jar:/home/bala/.m2/repository/com/github/java-json-tools/json-schema-core/1.2.14/json-schema-core-1.2.14.jar:/home/bala/.m2/repository/com/github/java-json-tools/uri-template/0.10/uri-template-0.10.jar:/home/bala/.m2/repository/org/mozilla/rhino/1.7.7.2/rhino-1.7.7.2.jar:/home/bala/.m2/repository/com/sun/mail/mailapi/1.6.2/mailapi-1.6.2.jar:/home/bala/.m2/repository/joda-time/joda-time/2.10.5/joda-time-2.10.5.jar:/home/bala/.m2/repository/com/googlecode/libphonenumber/libphonenumber/8.11.1/libphonenumber-8.11.1.jar:/home/bala/.m2/repository/com/google/code/findbugs/jsr305/3.0.2/jsr305-3.0.2.jar:/home/bala/.m2/repository/net/sf/jopt-simple/jopt-simple/5.0.4/jopt-simple-5.0.4.jar:/home/bala/.m2/repository/com/google/guava/guava/32.0.1-jre/guava-32.0.1-jre.jar:/home/bala/.m2/repository/com/google/guava/failureaccess/1.0.1/failureaccess-1.0.1.jar:/home/bala/.m2/repository/com/google/guava/listenablefuture/9999.0-empty-to-avoid-conflict-with-guava/listenablefuture-9999.0-empty-to-avoid-conflict-with-guava.jar:/home/bala/.m2/repository/org/checkerframework/checker-qual/3.33.0/checker-qual-3.33.0.jar:/home/bala/.m2/repository/com/google/errorprone/error_prone_annotations/2.18.0/error_prone_annotations-2.18.0.jar:/home/bala/.m2/repository/com/google/j2objc/j2objc-annotations/2.8/j2objc-annotations-2.8.jar:/home/bala/.m2/repository/org/testng/testng/7.8.0/testng-7.8.0.jar:/home/bala/.m2/repository/org/slf4j/slf4j-api/1.7.36/slf4j-api-1.7.36.jar:/home/bala/.m2/repository/com/beust/jcommander/1.82/jcommander-1.82.jar:/home/bala/.m2/repository/org/webjars/jquery/3.6.1/jquery-3.6.1.jar:/home/bala/.m2/repository/org/slf4j/slf4j-simple/2.0.12/slf4j-simple-2.0.12.jar:"/>
    <property name="java.vm.vendor" value="Ubuntu"/>
    <property name="sun.arch.data.model" value="64"/>
    <property name="java.vendor.url" value="https://ubuntu.com/"/>
    <property name="user.timezone" value="Asia/Kolkata"/>
    <property name="os.name" value="Linux"/>
    <property name="java.vm.specification.version" value="21"/>
    <property name="sun.java.launcher" value="SUN_STANDARD"/>
    <property name="user.country" value="US"/>
    <property name="sun.boot.library.path" value="/usr/lib/jvm/java-21-openjdk-amd64/lib"/>
    <property name="sun.java.command" value="/home/bala/Downloads/api-automation-restassured-jsonplaceholder/target/surefire/surefirebooter-20250730171552453_3.jar /home/bala/Downloads/api-automation-restassured-jsonplaceholder/target/surefire 2025-07-30T17-15-52_094-jvmRun1 surefire-20250730171552453_1tmp surefire_0-20250730171552453_2tmp"/>
    <property name="jdk.debug" value="release"/>
    <property name="surefire.test.class.path" value="/home/bala/Downloads/api-automation-restassured-jsonplaceholder/target/test-classes:/home/bala/Downloads/api-automation-restassured-jsonplaceholder/target/classes:/home/bala/.m2/repository/io/rest-assured/rest-assured/5.4.0/rest-assured-5.4.0.jar:/home/bala/.m2/repository/org/apache/groovy/groovy/4.0.16/groovy-4.0.16.jar:/home/bala/.m2/repository/org/apache/groovy/groovy-xml/4.0.16/groovy-xml-4.0.16.jar:/home/bala/.m2/repository/org/apache/httpcomponents/httpclient/4.5.13/httpclient-4.5.13.jar:/home/bala/.m2/repository/org/apache/httpcomponents/httpcore/4.4.13/httpcore-4.4.13.jar:/home/bala/.m2/repository/commons-logging/commons-logging/1.2/commons-logging-1.2.jar:/home/bala/.m2/repository/commons-codec/commons-codec/1.11/commons-codec-1.11.jar:/home/bala/.m2/repository/org/apache/httpcomponents/httpmime/4.5.13/httpmime-4.5.13.jar:/home/bala/.m2/repository/org/hamcrest/hamcrest/2.2/hamcrest-2.2.jar:/home/bala/.m2/repository/org/ccil/cowan/tagsoup/tagsoup/1.2.1/tagsoup-1.2.1.jar:/home/bala/.m2/repository/io/rest-assured/json-path/5.4.0/json-path-5.4.0.jar:/home/bala/.m2/repository/org/apache/groovy/groovy-json/4.0.16/groovy-json-4.0.16.jar:/home/bala/.m2/repository/io/rest-assured/rest-assured-common/5.4.0/rest-assured-common-5.4.0.jar:/home/bala/.m2/repository/io/rest-assured/xml-path/5.4.0/xml-path-5.4.0.jar:/home/bala/.m2/repository/org/apache/commons/commons-lang3/3.11/commons-lang3-3.11.jar:/home/bala/.m2/repository/io/rest-assured/json-schema-validator/5.4.0/json-schema-validator-5.4.0.jar:/home/bala/.m2/repository/com/github/java-json-tools/json-schema-validator/2.2.14/json-schema-validator-2.2.14.jar:/home/bala/.m2/repository/com/github/java-json-tools/jackson-coreutils-equivalence/1.0/jackson-coreutils-equivalence-1.0.jar:/home/bala/.m2/repository/com/fasterxml/jackson/core/jackson-databind/2.11.0/jackson-databind-2.11.0.jar:/home/bala/.m2/repository/com/fasterxml/jackson/core/jackson-annotations/2.11.0/jackson-annotations-2.11.0.jar:/home/bala/.m2/repository/com/fasterxml/jackson/core/jackson-core/2.11.0/jackson-core-2.11.0.jar:/home/bala/.m2/repository/com/github/java-json-tools/jackson-coreutils/2.0/jackson-coreutils-2.0.jar:/home/bala/.m2/repository/com/github/java-json-tools/msg-simple/1.2/msg-simple-1.2.jar:/home/bala/.m2/repository/com/github/java-json-tools/btf/1.3/btf-1.3.jar:/home/bala/.m2/repository/com/github/java-json-tools/json-schema-core/1.2.14/json-schema-core-1.2.14.jar:/home/bala/.m2/repository/com/github/java-json-tools/uri-template/0.10/uri-template-0.10.jar:/home/bala/.m2/repository/org/mozilla/rhino/1.7.7.2/rhino-1.7.7.2.jar:/home/bala/.m2/repository/com/sun/mail/mailapi/1.6.2/mailapi-1.6.2.jar:/home/bala/.m2/repository/joda-time/joda-time/2.10.5/joda-time-2.10.5.jar:/home/bala/.m2/repository/com/googlecode/libphonenumber/libphonenumber/8.11.1/libphonenumber-8.11.1.jar:/home/bala/.m2/repository/com/google/code/findbugs/jsr305/3.0.2/jsr305-3.0.2.jar:/home/bala/.m2/repository/net/sf/jopt-simple/jopt-simple/5.0.4/jopt-simple-5.0.4.jar:/home/bala/.m2/repository/com/google/guava/guava/32.0.1-jre/guava-32.0.1-jre.jar:/home/bala/.m2/repository/com/google/guava/failureaccess/1.0.1/failureaccess-1.0.1.jar:/home/bala/.m2/repository/com/google/guava/listenablefuture/9999.0-empty-to-avoid-conflict-with-guava/listenablefuture-9999.0-empty-to-avoid-conflict-with-guava.jar:/home/bala/.m2/repository/org/checkerframework/checker-qual/3.33.0/checker-qual-3.33.0.jar:/home/bala/.m2/repository/com/google/errorprone/error_prone_annotations/2.18.0/error_prone_annotations-2.18.0.jar:/home/bala/.m2/repository/com/google/j2objc/j2objc-annotations/2.8/j2objc-annotations-2.8.jar:/home/bala/.m2/repository/org/testng/testng/7.8.0/testng-7.8.0.jar:/home/bala/.m2/repository/org/slf4j/slf4j-api/1.7.36/slf4j-api-1.7.36.jar:/home/bala/.m2/repository/com/beust/jcommander/1.82/jcommander-1.82.jar:/home/bala/.m2/repository/org/webjars/jquery/3.6.1/jquery-3.6.1.jar:/home/bala/.m2/repository/org/slf4j/slf4j-simple/2.0.12/slf4j-simple-2.0.12.jar:"/>
    <property name="sun.cpu.endian" value="little"/>
    <property name="user.home" value="/home/bala"/>
    <property name="user.language" value="en"/>
    <property name="java.specification.vendor" value="Oracle Corporation"/>
    <property name="java.version.date" value="2025-04-15"/>
    <property name="java.home" value="/usr/lib/jvm/java-21-openjdk-amd64"/>
    <property name="file.separator" value="/"/>
    <property name="basedir" value="/home/bala/Downloads/api-automation-restassured-jsonplaceholder"/>
    <property name="java.vm.compressedOopsMode" value="Zero based"/>
    <property name="line.separator" value="&#10;"/>
    <property name="java.vm.specification.vendor" value="Oracle Corporation"/>
    <property name="java.specification.name" value="Java Platform API Specification"/>
    <property name="surefire.real.class.path" value="/home/bala/Downloads/api-automation-restassured-jsonplaceholder/target/surefire/surefirebooter-20250730171552453_3.jar"/>
    <property name="sun.management.compiler" value="HotSpot 64-Bit Tiered Compilers"/>
    <property name="java.runtime.version" value="21.0.7+6-Ubuntu-0ubuntu124.04"/>
    <property name="user.name" value="bala"/>
    <property name="stdout.encoding" value="UTF-8"/>
    <property name="perfThresholdMs" value="2000"/>
    <property name="path.separator" value=":"/>
    <property name="os.version" value="6.8.0-51-generic"/>
    <property name="java.runtime.name" value="OpenJDK Runtime Environment"/>
    <property name="file.encoding" value="UTF-8"/>
    <property name="java.vm.name" value="OpenJDK 64-Bit Server VM"/>
    <property name="localRepository" value="/home/bala/.m2/repository"/>
    <property name="java.vendor.url.bug" value="https://bugs.launchpad.net/ubuntu/+source/openjdk-21"/>
    <property name="java.io.tmpdir" value="/tmp"/>
    <property name="java.version" value="21.0.7"/>
    <property name="user.dir" value="/home/bala/Downloads/api-automation-restassured-jsonplaceholder"/>
    <property name="os.arch" value="amd64"/>
    <property name="java.vm.specification.name" value="Java Virtual Machine Specification"/>
    <property name="native.encoding" value="UTF-8"/>
    <property name="baseUrl" value="https://jsonplaceholder.typicode.com"/>
    <property name="java.library.path" value="/usr/java/packages/lib:/usr/lib/x86_64-linux-gnu/jni:/lib/x86_64-linux-gnu:/usr/lib/x86_64-linux-gnu:/usr/lib/jni:/lib:/usr/lib"/>
    <property name="java.vm.info" value="mixed mode, sharing"/>
    <property name="stderr.encoding" value="UTF-8"/>
    <property name="java.vendor" value="Ubuntu"/>
    <property name="java.vm.version" value="21.0.7+6-Ubuntu-0ubuntu124.04"/>
    <property name="sun.io.unicode.encoding" value="UnicodeLittle"/>
    <property name="java.class.version" value="65.0"/>
  </properties>
  <testcase name="getInvalidEndpoint_shouldReturn404" classname="com.example.api.JsonPlaceholderTests" time="3.948">
    <system-out><![CDATA[Request method:	GET
HTTP/1.1 404 Not Found
]]></system-out>
    <system-err><![CDATA[SLF4J: Failed to load class "org.slf4j.impl.StaticLoggerBinder".
SLF4J: Defaulting to no-operation (NOP) logger implementation
SLF4J: See http://www.slf4j.org/codes.html#StaticLoggerBinder for further details.
PERF WARNING: GET /does-not-exist took 2622 ms (>2000 ms)
]]></system-err>
  </testcase>
  <testcase name="getPosts_shouldReturn200_andWithin2s_andMatchSchema" classname="com.example.api.JsonPlaceholderTests" time="3.423">
    <system-out><![CDATA[Request method:	GET
HTTP/1.1 200 OK
]]></system-out>
  </testcase>
  <testcase name="postWithInvalidContentType_shouldReturn415_orIgnore" classname="com.example.api.JsonPlaceholderTests" time="1.056">
    <system-out><![CDATA[Request method:	POST
HTTP/1.1 201 Created
]]></system-out>
  </testcase>
  <testcase name="createPost_shouldReturn201_andId" classname="com.example.api.JsonPlaceholderTests" time="1.609">
    <system-out><![CDATA[Request method:	POST
HTTP/1.1 201 Created
]]></system-out>
  </testcase>
  <testcase name="putPost_shouldReturn200_andReplaceFields" classname="com.example.api.JsonPlaceholderTests" time="1.286">
    <system-out><![CDATA[Request method:	PUT
HTTP/1.1 200 OK
]]></system-out>
  </testcase>
  <testcase name="patchPost_shouldReturn200_andUpdatePartialField" classname="com.example.api.JsonPlaceholderTests" time="1.195">
    <system-out><![CDATA[Request method:	PATCH
HTTP/1.1 200 OK
]]></system-out>
  </testcase>
  <testcase name="deletePost_shouldReturn200" classname="com.example.api.JsonPlaceholderTests" time="1.125">
    <system-out><![CDATA[Request method:	DELETE
HTTP/1.1 200 OK
]]></system-out>
  </testcase>
</testsuite>